[0817/171953.118:ERROR:process_reader_win.cc(151)] SuspendThread: Access is denied. (0x5)
[0817/171953.118:ERROR:process_reader_win.cc(151)] SuspendThread: Access is denied. (0x5)
[0817/171953.118:ERROR:process_reader_win.cc(151)] SuspendThread: Access is denied. (0x5)
[0817/171953.118:ERROR:process_reader_win.cc(151)] SuspendThread: Access is denied. (0x5)
[0817/171953.118:ERROR:process_reader_win.cc(151)] SuspendThread: Access is denied. (0x5)
[0817/171953.134:ERROR:process_reader_win.cc(151)] SuspendThread: Access is denied. (0x5)
[0817/171953.134:ERROR:process_reader_win.cc(151)] SuspendThread: Access is denied. (0x5)
[0817/171953.134:ERROR:process_reader_win.cc(151)] SuspendThread: Access is denied. (0x5)
[0817/171953.150:ERROR:process_reader_win.cc(151)] SuspendThread: Access is denied. (0x5)
[0817/171953.150:ERROR:process_reader_win.cc(151)] SuspendThread: Access is denied. (0x5)
[0817/171953.150:ERROR:process_reader_win.cc(151)] SuspendThread: Access is denied. (0x5)
[0817/171953.150:ERROR:process_reader_win.cc(151)] SuspendThread: Access is denied. (0x5)
[0817/171953.150:ERROR:process_reader_win.cc(151)] SuspendThread: Access is denied. (0x5)
[0817/171953.150:ERROR:process_reader_win.cc(151)] SuspendThread: Access is denied. (0x5)
[0817/171953.150:ERROR:process_reader_win.cc(151)] SuspendThread: Access is denied. (0x5)
[0817/171953.165:ERROR:process_reader_win.cc(151)] SuspendThread: Access is denied. (0x5)
[0817/171953.165:ERROR:process_reader_win.cc(151)] SuspendThread: Access is denied. (0x5)
[0817/171953.165:ERROR:process_reader_win.cc(151)] SuspendThread: Access is denied. (0x5)
[0817/171953.165:ERROR:process_reader_win.cc(151)] SuspendThread: Access is denied. (0x5)
[0817/171953.165:ERROR:process_reader_win.cc(151)] SuspendThread: Access is denied. (0x5)
[0817/171953.165:ERROR:process_reader_win.cc(151)] SuspendThread: Access is denied. (0x5)
[0817/171953.181:ERROR:process_reader_win.cc(151)] SuspendThread: Access is denied. (0x5)
[0817/171953.181:ERROR:process_reader_win.cc(151)] SuspendThread: Access is denied. (0x5)
[0817/171953.181:ERROR:process_reader_win.cc(151)] SuspendThread: Access is denied. (0x5)
[0817/171953.181:ERROR:process_reader_win.cc(151)] SuspendThread: Access is denied. (0x5)
[0817/171953.181:ERROR:process_reader_win.cc(151)] SuspendThread: Access is denied. (0x5)
[0817/171953.181:ERROR:process_reader_win.cc(151)] SuspendThread: Access is denied. (0x5)
[0817/171953.197:ERROR:process_reader_win.cc(151)] SuspendThread: Access is denied. (0x5)
[0817/171953.197:ERROR:process_reader_win.cc(151)] SuspendThread: Access is denied. (0x5)
[0817/171953.197:ERROR:process_reader_win.cc(151)] SuspendThread: Access is denied. (0x5)
[0817/171953.197:ERROR:process_reader_win.cc(151)] SuspendThread: Access is denied. (0x5)
[0817/171953.197:ERROR:process_reader_win.cc(151)] SuspendThread: Access is denied. (0x5)
[0817/171953.197:ERROR:process_reader_win.cc(151)] SuspendThread: Access is denied. (0x5)
[0817/171953.212:ERROR:process_reader_win.cc(151)] SuspendThread: Access is denied. (0x5)
[0817/171953.212:ERROR:process_reader_win.cc(151)] SuspendThread: Access is denied. (0x5)
[0817/171953.243:ERROR:process_reader_win.cc(151)] SuspendThread: Access is denied. (0x5)
[0817/171953.243:ERROR:process_reader_win.cc(123)] NtOpenThread: {Access Denied} A process has requested access to an object, but has not been granted those access rights. (0xc0000022)
[0817/171953.290:ERROR:exception_snapshot_win.cc(88)] thread ID 209740 not found in process
[0817/171953.197:ERROR:process_reader_win.cc(123)] NtOpenThread: {Access Denied} A process has requested access to an object, but has not been granted those access rights. (0xc0000022)
[0817/171953.290:ERROR:exception_snapshot_win.cc(88)] thread ID 212584 not found in process
[0817/171953.368:ERROR:process_reader_win.cc(151)] SuspendThread: Access is denied. (0x5)
[0817/171953.368:ERROR:process_reader_win.cc(151)] SuspendThread: Access is denied. (0x5)
[0817/171953.368:ERROR:process_reader_win.cc(151)] SuspendThread: Access is denied. (0x5)
[0817/171953.368:ERROR:process_reader_win.cc(151)] SuspendThread: Access is denied. (0x5)
[0817/171953.368:ERROR:process_reader_win.cc(151)] SuspendThread: Access is denied. (0x5)
[0817/171953.368:ERROR:process_reader_win.cc(151)] SuspendThread: Access is denied. (0x5)
[0817/171953.384:ERROR:process_reader_win.cc(151)] SuspendThread: Access is denied. (0x5)
[0817/171953.384:ERROR:process_reader_win.cc(151)] SuspendThread: Access is denied. (0x5)
[0817/171953.384:ERROR:process_reader_win.cc(151)] SuspendThread: Access is denied. (0x5)
[0817/171953.384:ERROR:process_reader_win.cc(151)] SuspendThread: Access is denied. (0x5)
[0817/171953.384:ERROR:process_reader_win.cc(151)] SuspendThread: Access is denied. (0x5)
[0817/171953.384:ERROR:process_reader_win.cc(151)] SuspendThread: Access is denied. (0x5)
[0817/171953.400:ERROR:process_reader_win.cc(151)] SuspendThread: Access is denied. (0x5)
[0817/171953.400:ERROR:process_reader_win.cc(151)] SuspendThread: Access is denied. (0x5)
[0817/171953.400:ERROR:process_reader_win.cc(151)] SuspendThread: Access is denied. (0x5)
[0817/171953.400:ERROR:process_reader_win.cc(151)] SuspendThread: Access is denied. (0x5)
[0817/171953.400:ERROR:process_reader_win.cc(151)] SuspendThread: Access is denied. (0x5)
[0817/171953.415:ERROR:process_reader_win.cc(151)] SuspendThread: Access is denied. (0x5)
[0817/171953.415:ERROR:process_reader_win.cc(151)] SuspendThread: Access is denied. (0x5)
[0817/171953.415:ERROR:process_reader_win.cc(123)] NtOpenThread: {Access Denied} A process has requested access to an object, but has not been granted those access rights. (0xc0000022)
[0817/171953.415:ERROR:exception_snapshot_win.cc(88)] thread ID 227108 not found in process
[0817/171956.339:ERROR:process_info.cc(329)] VirtualQueryEx: Access is denied. (0x5)
[0817/171956.340:ERROR:process_info.cc(550)] ReadMemoryInfo failed
[0817/171956.419:ERROR:process_reader_win.cc(151)] SuspendThread: Access is denied. (0x5)
[0817/171956.419:ERROR:exception_snapshot_win.cc(88)] thread ID 205956 not found in process
[0817/171956.419:ERROR:scoped_process_suspend.cc(40)] NtResumeProcess: An attempt was made to access an exiting process. (0xc000010a)
